[17:50:34] INFO: 🤖 GitHub Actions.
[17:50:34] INFO: Publicaciones conocidas: 0
[17:50:34] INFO: 
── Barrido #1 (17:50:34) ──
[17:50:34] INFO: 🚀 Barrido EF CARM...
[17:50:35] INFO:   Especialidades: ['EDUCACION FISICA']
[17:50:36] INFO:   EDUCACION FISICA: 15 tribunal(es)
[17:50:44] INFO:   Total encontradas: 154
[17:50:44] INFO:   📄 Extrayendo nombres de T01: CITACIÓN A DETERMINADOS ASPIRANTES
[17:50:44] INFO:      → 1 personas encontradas
[17:50:44] INFO:   📄 Extrayendo nombres de T01: CITACIÓN A DETERMINADOS ASPIRANTES
[17:50:44] INFO:      → 1 personas encontradas
[17:50:44] INFO:   📄 Extrayendo nombres de T01: CITACIÓN ENTREGA DE PROGRAMACIONES Y FICHA DE  MÉR
[17:50:45] INFO:      → 3 personas encontradas
[17:50:45] INFO:   📄 Extrayendo nombres de T01: CITACION ENTREGA RESOLUCIÓN MOTIVADA PRIMERA PRUEB
[17:50:45] INFO:      → No se pudieron extraer nombres del PDF
[17:50:45] INFO:   📄 Extrayendo nombres de T01: CITACIÓN APERTURA DE CABECERAS
[17:50:46] INFO:      → No se pudieron extraer nombres del PDF
[17:50:46] INFO:   📄 Extrayendo nombres de T02: CITACIÓN A DETERMINADOS ASPIRANTES
[17:50:46] INFO:      → 6 personas encontradas
[17:50:46] INFO:   📄 Extrayendo nombres de T02: CITACIÓN A DETERMINADOS ASPIRANTES
[17:50:46] INFO:      → 4 personas encontradas
[17:50:46] INFO:   📄 Extrayendo nombres de T02: CITACION ENTREGA RESOLUCIÓN MOTIVADA PRIMERA PRUEB
[17:50:47] INFO:      → No se pudieron extraer nombres del PDF
[17:50:47] INFO:   📄 Extrayendo nombres de T02: CITACIÓN ENTREGA DE PROGRAMACIONES Y FICHA DE  MÉR
[17:50:48] INFO:      → 3 personas encontradas
[17:50:48] INFO:   📄 Extrayendo nombres de T02: CITACIÓN APERTURA DE CABECERAS
[17:50:48] INFO:      → No se pudieron extraer nombres del PDF
[17:50:48] INFO:   📄 Extrayendo nombres de T03: CITACIÓN A DETERMINADOS ASPIRANTES
[17:50:48] INFO:      → 1 personas encontradas
[17:50:48] INFO:   📄 Extrayendo nombres de T03: CITACIÓN A DETERMINADOS ASPIRANTES
[17:50:49] INFO:      → 1 personas encontradas
[17:50:49] INFO:   📄 Extrayendo nombres de T03: CITACION ENTREGA RESOLUCIÓN MOTIVADA PRIMERA PRUEB
[17:50:49] INFO:      → No se pudieron extraer nombres del PDF
[17:50:49] INFO:   📄 Extrayendo nombres de T03: CITACIÓN ENTREGA DE PROGRAMACIONES Y FICHA DE  MÉR
[17:50:49] INFO:      → 3 personas encontradas
[17:50:49] INFO:   📄 Extrayendo nombres de T03: CITACIÓN APERTURA DE CABECERAS
[17:50:50] INFO:      → No se pudieron extraer nombres del PDF
[17:50:50] INFO:   📄 Extrayendo nombres de T04: CITACIÓN A DETERMINADOS ASPIRANTES
[17:50:50] INFO:      → 1 personas encontradas
[17:50:50] INFO:   📄 Extrayendo nombres de T04: CITACIÓN A DETERMINADOS ASPIRANTES
[17:50:50] INFO:      → 1 personas encontradas
[17:50:50] INFO:   📄 Extrayendo nombres de T04: CITACION ENTREGA RESOLUCIÓN MOTIVADA PRIMERA PRUEB
[17:50:51] INFO:      → No se pudieron extraer nombres del PDF
[17:50:51] INFO:   📄 Extrayendo nombres de T04: CITACIÓN ENTREGA DE PROGRAMACIONES Y FICHA DE  MÉR
[17:50:51] INFO:      → 3 personas encontradas
[17:50:51] INFO:   📄 Extrayendo nombres de T04: CITACIÓN APERTURA DE CABECERAS
[17:50:52] INFO:      → No se pudieron extraer nombres del PDF
[17:50:52] INFO:   📄 Extrayendo nombres de T05: CITACIÓN A DETERMINADOS ASPIRANTES
[17:50:52] INFO:      → 5 personas encontradas
[17:50:52] INFO:   📄 Extrayendo nombres de T05: CITACIÓN A DETERMINADOS ASPIRANTES
[17:50:52] INFO:      → 3 personas encontradas
[17:50:52] INFO:   📄 Extrayendo nombres de T05: CITACION ENTREGA RESOLUCIÓN MOTIVADA PRIMERA PRUEB
[17:50:53] INFO:      → No se pudieron extraer nombres del PDF
[17:50:53] INFO:   📄 Extrayendo nombres de T05: CITACIÓN ENTREGA DE PROGRAMACIONES Y FICHA DE  MÉR
[17:50:54] INFO:      → 3 personas encontradas
[17:50:54] INFO:   📄 Extrayendo nombres de T05: CITACIÓN APERTURA DE CABECERAS
[17:50:54] INFO:      → No se pudieron extraer nombres del PDF
[17:50:54] INFO:   📄 Extrayendo nombres de T06: CITACIÓN A DETERMINADOS ASPIRANTES
[17:50:54] INFO:      → 5 personas encontradas
[17:50:54] INFO:   📄 Extrayendo nombres de T06: CITACIÓN A DETERMINADOS ASPIRANTES
[17:50:55] INFO:      → 4 personas encontradas
[17:50:55] INFO:   📄 Extrayendo nombres de T06: CITACION ENTREGA RESOLUCIÓN MOTIVADA PRIMERA PRUEB
[17:50:55] INFO:      → No se pudieron extraer nombres del PDF
[17:50:55] INFO:   📄 Extrayendo nombres de T06: CITACION ENTREGA RESOLUCIÓN MOTIVADA PRIMERA PRUEB
[17:50:55] INFO:      → No se pudieron extraer nombres del PDF
[17:50:55] INFO:   📄 Extrayendo nombres de T06: CITACIÓN ENTREGA DE PROGRAMACIONES Y FICHA DE  MÉR
[17:50:56] INFO:      → 3 personas encontradas
[17:50:56] INFO:   📄 Extrayendo nombres de T06: CITACIÓN APERTURA DE CABECERAS
[17:50:56] INFO:      → No se pudieron extraer nombres del PDF
[17:50:56] INFO:   📄 Extrayendo nombres de T07: CITACIÓN A DETERMINADOS ASPIRANTES
[17:50:56] INFO:      → 1 personas encontradas
[17:50:56] INFO:   📄 Extrayendo nombres de T07: CITACIÓN A DETERMINADOS ASPIRANTES
[17:50:57] INFO:      → 4 personas encontradas
[17:50:57] INFO:   📄 Extrayendo nombres de T07: CITACION ENTREGA RESOLUCIÓN MOTIVADA PRIMERA PRUEB
[17:50:58] INFO:      → No se pudieron extraer nombres del PDF
[17:50:58] INFO:   📄 Extrayendo nombres de T07: CITACION ENTREGA RESOLUCIÓN MOTIVADA PRIMERA PRUEB
[17:50:58] INFO:      → No se pudieron extraer nombres del PDF
[17:50:58] INFO:   📄 Extrayendo nombres de T07: CITACIÓN ENTREGA DE PROGRAMACIONES Y FICHA DE  MÉR
[17:50:58] INFO:      → 3 personas encontradas
[17:50:58] INFO:   📄 Extrayendo nombres de T07: CITACIÓN APERTURA DE CABECERAS
[17:50:58] INFO:      → No se pudieron extraer nombres del PDF
[17:50:58] INFO:   📄 Extrayendo nombres de T08: CITACIÓN A DETERMINADOS ASPIRANTES
[17:50:59] INFO:      → 5 personas encontradas
[17:50:59] INFO:   📄 Extrayendo nombres de T08: CITACIÓN A DETERMINADOS ASPIRANTES
[17:51:00] INFO:      → 5 personas encontradas
[17:51:00] INFO:   📄 Extrayendo nombres de T08: CITACION ENTREGA RESOLUCIÓN MOTIVADA PRIMERA PRUEB
[17:51:00] INFO:      → No se pudieron extraer nombres del PDF
[17:51:00] INFO:   📄 Extrayendo nombres de T08: CITACIÓN ENTREGA DE PROGRAMACIONES Y FICHA DE  MÉR
[17:51:00] INFO:      → 3 personas encontradas
[17:51:00] INFO:   📄 Extrayendo nombres de T08: CITACIÓN APERTURA DE CABECERAS
[17:51:00] INFO:      → No se pudieron extraer nombres del PDF
[17:51:00] INFO:   📄 Extrayendo nombres de T09: CITACIÓN A DETERMINADOS ASPIRANTES
[17:51:01] INFO:      → 4 personas encontradas
[17:51:01] INFO:   📄 Extrayendo nombres de T09: CITACIÓN A DETERMINADOS ASPIRANTES
[17:51:02] INFO:      → 4 personas encontradas
[17:51:02] INFO:   📄 Extrayendo nombres de T09: CITACION ENTREGA RESOLUCIÓN MOTIVADA PRIMERA PRUEB
[17:51:02] INFO:      → No se pudieron extraer nombres del PDF
[17:51:02] INFO:   📄 Extrayendo nombres de T09: CITACIÓN ENTREGA DE PROGRAMACIONES Y FICHA DE  MÉR
[17:51:02] INFO:      → 3 personas encontradas
[17:51:02] INFO:   📄 Extrayendo nombres de T09: CITACIÓN APERTURA DE CABECERAS
[17:51:03] INFO:      → No se pudieron extraer nombres del PDF
[17:51:03] INFO:   📄 Extrayendo nombres de T10: CITACIÓN A DETERMINADOS ASPIRANTES
[17:51:03] INFO:      → 1 personas encontradas
[17:51:03] INFO:   📄 Extrayendo nombres de T10: CITACIÓN A DETERMINADOS ASPIRANTES
[17:51:04] INFO:      → 1 personas encontradas
[17:51:04] INFO:   📄 Extrayendo nombres de T10: CITACION ENTREGA RESOLUCIÓN MOTIVADA PRIMERA PRUEB
[17:51:04] INFO:      → No se pudieron extraer nombres del PDF
[17:51:04] INFO:   📄 Extrayendo nombres de T10: CITACIÓN ENTREGA DE PROGRAMACIONES Y FICHA DE  MÉR
[17:51:04] INFO:      → 3 personas encontradas
[17:51:04] INFO:   📄 Extrayendo nombres de T10: CITACIÓN APERTURA DE CABECERAS
[17:51:04] INFO:      → No se pudieron extraer nombres del PDF
[17:51:04] INFO:   📄 Extrayendo nombres de T11: CITACIÓN A DETERMINADOS ASPIRANTES
[17:51:05] INFO:      → 5 personas encontradas
[17:51:05] INFO:   📄 Extrayendo nombres de T11: CITACIÓN A DETERMINADOS ASPIRANTES
[17:51:06] INFO:      → 5 personas encontradas
[17:51:06] INFO:   📄 Extrayendo nombres de T11: CITACION ENTREGA RESOLUCIÓN MOTIVADA PRIMERA PRUEB
[17:51:06] INFO:      → No se pudieron extraer nombres del PDF
[17:51:06] INFO:   📄 Extrayendo nombres de T11: CITACIÓN ENTREGA DE PROGRAMACIONES Y FICHA DE  MÉR
[17:51:06] INFO:      → 3 personas encontradas
[17:51:06] INFO:   📄 Extrayendo nombres de T11: CITACIÓN APERTURA DE CABECERAS
[17:51:07] INFO:      → No se pudieron extraer nombres del PDF
[17:51:07] INFO:   📄 Extrayendo nombres de T12: CITACIÓN A DETERMINADOS ASPIRANTES
[17:51:07] INFO:      → 5 personas encontradas
[17:51:07] INFO:   📄 Extrayendo nombres de T12: CITACIÓN A DETERMINADOS ASPIRANTES
[17:51:08] INFO:      → 4 personas encontradas
[17:51:08] INFO:   📄 Extrayendo nombres de T12: CITACIÓN ENTREGA DE PROGRAMACIONES Y FICHA DE  MÉR
[17:51:08] INFO:      → 3 personas encontradas
[17:51:08] INFO:   📄 Extrayendo nombres de T12: CITACIÓN APERTURA DE CABECERAS
[17:51:08] INFO:      → No se pudieron extraer nombres del PDF
[17:51:08] INFO:   📄 Extrayendo nombres de T13: CITACIÓN A DETERMINADOS ASPIRANTES
[17:51:09] INFO:      → 4 personas encontradas
[17:51:09] INFO:   📄 Extrayendo nombres de T13: CITACIÓN A DETERMINADOS ASPIRANTES
[17:51:09] INFO:      → 4 personas encontradas
[17:51:09] INFO:   📄 Extrayendo nombres de T13: CITACION ENTREGA RESOLUCIÓN MOTIVADA PRIMERA PRUEB
[17:51:10] INFO:      → No se pudieron extraer nombres del PDF
[17:51:10] INFO:   📄 Extrayendo nombres de T13: CITACIÓN ENTREGA DE PROGRAMACIONES Y FICHA DE  MÉR
[17:51:10] INFO:      → 3 personas encontradas
[17:51:10] INFO:   📄 Extrayendo nombres de T13: CITACIÓN APERTURA DE CABECERAS
[17:51:10] INFO:      → No se pudieron extraer nombres del PDF
[17:51:10] INFO:   📄 Extrayendo nombres de T14: CITACIÓN A DETERMINADOS ASPIRANTES
[17:51:11] INFO:      → 1 personas encontradas
[17:51:11] INFO:   📄 Extrayendo nombres de T14: CITACIÓN A DETERMINADOS ASPIRANTES
[17:51:11] INFO:      → 1 personas encontradas
[17:51:11] INFO:   📄 Extrayendo nombres de T14: CITACION ENTREGA RESOLUCIÓN MOTIVADA PRIMERA PRUEB
[17:51:12] INFO:      → No se pudieron extraer nombres del PDF
[17:51:12] INFO:   📄 Extrayendo nombres de T14: CITACIÓN ENTREGA DE PROGRAMACIONES Y FICHA DE  MÉR
[17:51:12] INFO:      → 3 personas encontradas
[17:51:12] INFO:   📄 Extrayendo nombres de T14: CITACIÓN APERTURA DE CABECERAS
[17:51:12] INFO:      → No se pudieron extraer nombres del PDF
[17:51:12] INFO:   📄 Extrayendo nombres de T15: CITACIÓN A DETERMINADOS ASPIRANTES
[17:51:13] INFO:      → 5 personas encontradas
[17:51:13] INFO:   📄 Extrayendo nombres de T15: CITACIÓN A DETERMINADOS ASPIRANTES
[17:51:14] INFO:      → 4 personas encontradas
[17:51:14] INFO:   📄 Extrayendo nombres de T15: CITACION ENTREGA RESOLUCIÓN MOTIVADA PRIMERA PRUEB
[17:51:14] INFO:      → No se pudieron extraer nombres del PDF
[17:51:14] INFO:   📄 Extrayendo nombres de T15: CITACIÓN ENTREGA DE PROGRAMACIONES Y FICHA DE  MÉR
[17:51:15] INFO:      → 3 personas encontradas
[17:51:15] INFO:   📄 Extrayendo nombres de T15: CITACIÓN APERTURA DE CABECERAS
[17:51:15] INFO:      → No se pudieron extraer nombres del PDF
[17:51:15] INFO: 
🆕 154 novedad(es):
[17:51:15] INFO:   [CITACION] T01: CITACIÓN A DETERMINADOS ASPIRANTES
[17:51:15] INFO:   [CITACION] T01: CITACIÓN A DETERMINADOS ASPIRANTES
[17:51:15] INFO:   [CALIFICACION] T01: Puntuaciones definitivas obtenidas superado prueba unica
[17:51:15] INFO:   [CALIFICACION] T01: Puntuaciones definitivas obtenidas prueba unica
[17:51:15] INFO:   [CITACION] T01: CITACIÓN ENTREGA DE PROGRAMACIONES Y FICHA DE  MÉRITOS
[17:51:15] INFO:   [CITACION] T01: CITACION ENTREGA RESOLUCIÓN MOTIVADA PRIMERA PRUEBA
[17:51:15] INFO:   [CALIFICACION] T01: PLAZO DE PRESENTACIÓN DE RECLAMACIONES PRIMERA PRUEBA
[17:51:15] INFO:   [CALIFICACION] T01: Puntuaciones provisionales obtenidas superado prueba unica
[17:51:15] INFO:   [CALIFICACION] T01: Puntuaciones provisionales obtenidas prueba unica
[17:51:15] INFO:   [CITACION] T01: CITACIÓN APERTURA DE CABECERAS
[17:51:15] INFO:   [CITACION] T02: CITACIÓN A DETERMINADOS ASPIRANTES
[17:51:15] INFO:   [CITACION] T02: CITACIÓN A DETERMINADOS ASPIRANTES
[17:51:15] INFO:   [CALIFICACION] T02: Puntuaciones definitivas obtenidas superado prueba unica
[17:51:15] INFO:   [CALIFICACION] T02: Puntuaciones definitivas obtenidas prueba unica
[17:51:15] INFO:   [CITACION] T02: CITACION ENTREGA RESOLUCIÓN MOTIVADA PRIMERA PRUEBA
[17:51:15] INFO:   [CALIFICACION] T02: Puntuaciones definitivas obtenidas superado prueba unica
[17:51:15] INFO:   [CITACION] T02: CITACIÓN ENTREGA DE PROGRAMACIONES Y FICHA DE  MÉRITOS
[17:51:15] INFO:   [CALIFICACION] T02: PLAZO DE PRESENTACIÓN DE RECLAMACIONES PRIMERA PRUEBA
[17:51:15] INFO:   [CALIFICACION] T02: Puntuaciones provisionales obtenidas superado prueba unica
[17:51:15] INFO:   [CALIFICACION] T02: Puntuaciones provisionales obtenidas prueba unica
[17:51:15] INFO:   [CITACION] T02: CITACIÓN APERTURA DE CABECERAS
[17:51:15] INFO:   [CITACION] T03: CITACIÓN A DETERMINADOS ASPIRANTES
[17:51:15] INFO:   [CITACION] T03: CITACIÓN A DETERMINADOS ASPIRANTES
[17:51:15] INFO:   [CALIFICACION] T03: Puntuaciones definitivas obtenidas prueba unica
[17:51:15] INFO:   [CALIFICACION] T03: Puntuaciones definitivas obtenidas superado prueba unica
[17:51:15] INFO:   [CITACION] T03: CITACION ENTREGA RESOLUCIÓN MOTIVADA PRIMERA PRUEBA
[17:51:15] INFO:   [CITACION] T03: CITACIÓN ENTREGA DE PROGRAMACIONES Y FICHA DE  MÉRITOS
[17:51:15] INFO:   [CALIFICACION] T03: PLAZO DE PRESENTACIÓN DE RECLAMACIONES PRIMERA PRUEBA
[17:51:15] INFO:   [CALIFICACION] T03: Puntuaciones provisionales obtenidas superado prueba unica
[17:51:15] INFO:   [CALIFICACION] T03: Puntuaciones provisionales obtenidas prueba unica
[17:51:15] INFO:   [CITACION] T03: CITACIÓN APERTURA DE CABECERAS
[17:51:15] INFO:   [CITACION] T04: CITACIÓN A DETERMINADOS ASPIRANTES
[17:51:15] INFO:   [CITACION] T04: CITACIÓN A DETERMINADOS ASPIRANTES
[17:51:15] INFO:   [CALIFICACION] T04: Puntuaciones definitivas obtenidas superado prueba unica
[17:51:15] INFO:   [CALIFICACION] T04: Puntuaciones definitivas obtenidas prueba unica
[17:51:15] INFO:   [CALIFICACION] T04: Puntuaciones provisionales obtenidas superado prueba unica
[17:51:15] INFO:   [CALIFICACION] T04: Puntuaciones provisionales obtenidas prueba unica
[17:51:15] INFO:   [CITACION] T04: CITACION ENTREGA RESOLUCIÓN MOTIVADA PRIMERA PRUEBA
[17:51:15] INFO:   [CITACION] T04: CITACIÓN ENTREGA DE PROGRAMACIONES Y FICHA DE  MÉRITOS
[17:51:15] INFO:   [CALIFICACION] T04: PLAZO DE PRESENTACIÓN DE RECLAMACIONES PRIMERA PRUEBA
[17:51:15] INFO:   [CITACION] T04: CITACIÓN APERTURA DE CABECERAS
[17:51:15] INFO:   [CITACION] T05: CITACIÓN A DETERMINADOS ASPIRANTES
[17:51:15] INFO:   [CALIFICACION] T05: Puntuaciones definitivas obtenidas superado prueba unica
[17:51:15] INFO:   [CITACION] T05: CITACIÓN A DETERMINADOS ASPIRANTES
[17:51:15] INFO:   [CALIFICACION] T05: PLAZO DE PRESENTACIÓN DE RECLAMACIONES PRIMERA PRUEBA
[17:51:15] INFO:   [CALIFICACION] T05: Puntuaciones definitivas obtenidas prueba unica
[17:51:15] INFO:   [CITACION] T05: CITACION ENTREGA RESOLUCIÓN MOTIVADA PRIMERA PRUEBA
[17:51:15] INFO:   [CITACION] T05: CITACIÓN ENTREGA DE PROGRAMACIONES Y FICHA DE  MÉRITOS
[17:51:15] INFO:   [CALIFICACION] T05: PLAZO DE PRESENTACIÓN DE RECLAMACIONES PRIMERA PRUEBA
[17:51:15] INFO:   [CALIFICACION] T05: Puntuaciones provisionales obtenidas superado prueba unica
[17:51:15] INFO:   [CALIFICACION] T05: Puntuaciones provisionales obtenidas prueba unica
[17:51:15] INFO:   [CITACION] T05: CITACIÓN APERTURA DE CABECERAS
[17:51:15] INFO:   [CITACION] T06: CITACIÓN A DETERMINADOS ASPIRANTES
[17:51:15] INFO:   [CITACION] T06: CITACIÓN A DETERMINADOS ASPIRANTES
[17:51:15] INFO:   [CALIFICACION] T06: Puntuaciones definitivas obtenidas prueba unica
[17:51:15] INFO:   [CALIFICACION] T06: Puntuaciones definitivas obtenidas superado prueba unica
[17:51:15] INFO:   [CITACION] T06: CITACION ENTREGA RESOLUCIÓN MOTIVADA PRIMERA PRUEBA
[17:51:15] INFO:   [CITACION] T06: CITACION ENTREGA RESOLUCIÓN MOTIVADA PRIMERA PRUEBA
[17:51:15] INFO:   [CITACION] T06: CITACIÓN ENTREGA DE PROGRAMACIONES Y FICHA DE  MÉRITOS
[17:51:15] INFO:   [CALIFICACION] T06: PLAZO DE PRESENTACIÓN DE RECLAMACIONES PRIMERA PRUEBA
[17:51:15] INFO:   [CALIFICACION] T06: Puntuaciones provisionales obtenidas superado prueba unica
[17:51:15] INFO:   [CALIFICACION] T06: Puntuaciones provisionales obtenidas prueba unica
[17:51:15] INFO:   [CITACION] T06: CITACIÓN APERTURA DE CABECERAS
[17:51:15] INFO:   [CITACION] T07: CITACIÓN A DETERMINADOS ASPIRANTES
[17:51:15] INFO:   [CALIFICACION] T07: Puntuaciones definitivas obtenidas prueba unica
[17:51:15] INFO:   [CITACION] T07: CITACIÓN A DETERMINADOS ASPIRANTES
[17:51:15] INFO:   [CALIFICACION] T07: Puntuaciones definitivas obtenidas superado prueba unica
[17:51:15] INFO:   [CITACION] T07: CITACION ENTREGA RESOLUCIÓN MOTIVADA PRIMERA PRUEBA
[17:51:15] INFO:   [CITACION] T07: CITACION ENTREGA RESOLUCIÓN MOTIVADA PRIMERA PRUEBA
[17:51:15] INFO:   [CITACION] T07: CITACIÓN ENTREGA DE PROGRAMACIONES Y FICHA DE  MÉRITOS
[17:51:15] INFO:   [CALIFICACION] T07: Puntuaciones provisionales obtenidas superado prueba unica
[17:51:15] INFO:   [CALIFICACION] T07: Puntuaciones provisionales obtenidas prueba unica
[17:51:15] INFO:   [CALIFICACION] T07: PLAZO DE PRESENTACIÓN DE RECLAMACIONES PRIMERA PRUEBA
[17:51:15] INFO:   [CITACION] T07: CITACIÓN APERTURA DE CABECERAS
[17:51:15] INFO:   [CITACION] T08: CITACIÓN A DETERMINADOS ASPIRANTES
[17:51:15] INFO:   [CITACION] T08: CITACIÓN A DETERMINADOS ASPIRANTES
[17:51:15] INFO:   [CALIFICACION] T08: Puntuaciones definitivas obtenidas superado prueba unica
[17:51:15] INFO:   [CALIFICACION] T08: Puntuaciones definitivas obtenidas prueba unica
[17:51:15] INFO:   [CITACION] T08: CITACION ENTREGA RESOLUCIÓN MOTIVADA PRIMERA PRUEBA
[17:51:15] INFO:   [CITACION] T08: CITACIÓN ENTREGA DE PROGRAMACIONES Y FICHA DE  MÉRITOS
[17:51:15] INFO:   [CALIFICACION] T08: PLAZO DE PRESENTACIÓN DE RECLAMACIONES PRIMERA PRUEBA
[17:51:15] INFO:   [CALIFICACION] T08: Puntuaciones provisionales obtenidas superado prueba unica
[17:51:15] INFO:   [CALIFICACION] T08: Puntuaciones provisionales obtenidas prueba unica
[17:51:15] INFO:   [CITACION] T08: CITACIÓN APERTURA DE CABECERAS
[17:51:15] INFO:   [CITACION] T09: CITACIÓN A DETERMINADOS ASPIRANTES
[17:51:15] INFO:   [CITACION] T09: CITACIÓN A DETERMINADOS ASPIRANTES
[17:51:15] INFO:   [CITACION] T09: CITACION ENTREGA RESOLUCIÓN MOTIVADA PRIMERA PRUEBA
[17:51:15] INFO:   [CALIFICACION] T09: Puntuaciones definitivas obtenidas superado prueba unica
[17:51:15] INFO:   [CALIFICACION] T09: Puntuaciones definitivas obtenidas prueba unica
[17:51:15] INFO:   [CITACION] T09: CITACIÓN ENTREGA DE PROGRAMACIONES Y FICHA DE  MÉRITOS
[17:51:15] INFO:   [CALIFICACION] T09: PLAZO DE PRESENTACIÓN DE RECLAMACIONES PRIMERA PRUEBA
[17:51:15] INFO:   [CALIFICACION] T09: Puntuaciones provisionales obtenidas superado prueba unica
[17:51:15] INFO:   [CALIFICACION] T09: Puntuaciones provisionales obtenidas prueba unica
[17:51:15] INFO:   [CITACION] T09: CITACIÓN APERTURA DE CABECERAS
[17:51:15] INFO:   [CITACION] T10: CITACIÓN A DETERMINADOS ASPIRANTES
[17:51:15] INFO:   [CITACION] T10: CITACIÓN A DETERMINADOS ASPIRANTES
[17:51:15] INFO:   [CITACION] T10: CITACION ENTREGA RESOLUCIÓN MOTIVADA PRIMERA PRUEBA
[17:51:15] INFO:   [CALIFICACION] T10: Puntuaciones definitivas obtenidas prueba unica
[17:51:15] INFO:   [CALIFICACION] T10: Puntuaciones definitivas obtenidas superado prueba unica
[17:51:15] INFO:   [CALIFICACION] T10: Puntuaciones definitivas obtenidas prueba unica
[17:51:15] INFO:   [CITACION] T10: CITACIÓN ENTREGA DE PROGRAMACIONES Y FICHA DE  MÉRITOS
[17:51:15] INFO:   [CALIFICACION] T10: Puntuaciones provisionales obtenidas prueba unica
[17:51:15] INFO:   [CALIFICACION] T10: Puntuaciones provisionales obtenidas superado prueba unica
[17:51:15] INFO:   [CALIFICACION] T10: PLAZO DE PRESENTACIÓN DE RECLAMACIONES PRIMERA PRUEBA
[17:51:15] INFO:   [CITACION] T10: CITACIÓN APERTURA DE CABECERAS
[17:51:15] INFO:   [CITACION] T11: CITACIÓN A DETERMINADOS ASPIRANTES
[17:51:15] INFO:   [CITACION] T11: CITACIÓN A DETERMINADOS ASPIRANTES
[17:51:15] INFO:   [CITACION] T11: CITACION ENTREGA RESOLUCIÓN MOTIVADA PRIMERA PRUEBA
[17:51:15] INFO:   [CALIFICACION] T11: Puntuaciones definitivas obtenidas superado prueba unica
[17:51:15] INFO:   [CALIFICACION] T11: Puntuaciones definitivas obtenidas prueba unica
[17:51:15] INFO:   [CITACION] T11: CITACIÓN ENTREGA DE PROGRAMACIONES Y FICHA DE  MÉRITOS
[17:51:15] INFO:   [CALIFICACION] T11: PLAZO DE PRESENTACIÓN DE RECLAMACIONES PRIMERA PRUEBA
[17:51:15] INFO:   [CALIFICACION] T11: Puntuaciones provisionales obtenidas superado prueba unica
[17:51:15] INFO:   [CALIFICACION] T11: Puntuaciones provisionales obtenidas prueba unica
[17:51:15] INFO:   [CITACION] T11: CITACIÓN APERTURA DE CABECERAS
[17:51:15] INFO:   [CITACION] T12: CITACIÓN A DETERMINADOS ASPIRANTES
[17:51:15] INFO:   [CITACION] T12: CITACIÓN A DETERMINADOS ASPIRANTES
[17:51:15] INFO:   [CALIFICACION] T12: Puntuaciones definitivas obtenidas prueba unica
[17:51:15] INFO:   [CALIFICACION] T12: Puntuaciones definitivas obtenidas superado prueba unica
[17:51:15] INFO:   [CITACION] T12: CITACIÓN ENTREGA DE PROGRAMACIONES Y FICHA DE  MÉRITOS
[17:51:15] INFO:   [CALIFICACION] T12: PLAZO DE PRESENTACIÓN DE RECLAMACIONES PRIMERA PRUEBA
[17:51:15] INFO:   [CALIFICACION] T12: Puntuaciones provisionales obtenidas superado prueba unica
[17:51:15] INFO:   [CALIFICACION] T12: Puntuaciones provisionales obtenidas prueba unica
[17:51:15] INFO:   [CITACION] T12: CITACIÓN APERTURA DE CABECERAS
[17:51:15] INFO:   [CITACION] T13: CITACIÓN A DETERMINADOS ASPIRANTES
[17:51:15] INFO:   [CITACION] T13: CITACIÓN A DETERMINADOS ASPIRANTES
[17:51:15] INFO:   [CALIFICACION] T13: Puntuaciones definitivas obtenidas prueba unica
[17:51:15] INFO:   [CALIFICACION] T13: Puntuaciones definitivas obtenidas superado prueba unica
[17:51:15] INFO:   [CITACION] T13: CITACION ENTREGA RESOLUCIÓN MOTIVADA PRIMERA PRUEBA
[17:51:15] INFO:   [CITACION] T13: CITACIÓN ENTREGA DE PROGRAMACIONES Y FICHA DE  MÉRITOS
[17:51:15] INFO:   [CALIFICACION] T13: PLAZO DE PRESENTACIÓN DE RECLAMACIONES PRIMERA PRUEBA
[17:51:15] INFO:   [CALIFICACION] T13: Puntuaciones provisionales obtenidas superado prueba unica
[17:51:15] INFO:   [CALIFICACION] T13: Puntuaciones provisionales obtenidas prueba unica
[17:51:15] INFO:   [CITACION] T13: CITACIÓN APERTURA DE CABECERAS
[17:51:15] INFO:   [CITACION] T14: CITACIÓN A DETERMINADOS ASPIRANTES
[17:51:15] INFO:   [CITACION] T14: CITACIÓN A DETERMINADOS ASPIRANTES
[17:51:15] INFO:   [CALIFICACION] T14: Puntuaciones definitivas obtenidas superado prueba unica
[17:51:15] INFO:   [CALIFICACION] T14: Puntuaciones definitivas obtenidas prueba unica
[17:51:15] INFO:   [CITACION] T14: CITACION ENTREGA RESOLUCIÓN MOTIVADA PRIMERA PRUEBA
[17:51:15] INFO:   [CITACION] T14: CITACIÓN ENTREGA DE PROGRAMACIONES Y FICHA DE  MÉRITOS
[17:51:15] INFO:   [CALIFICACION] T14: PLAZO DE PRESENTACIÓN DE RECLAMACIONES PRIMERA PRUEBA
[17:51:15] INFO:   [CALIFICACION] T14: Puntuaciones provisionales obtenidas superado prueba unica
[17:51:15] INFO:   [CALIFICACION] T14: Puntuaciones provisionales obtenidas prueba unica
[17:51:15] INFO:   [CITACION] T14: CITACIÓN APERTURA DE CABECERAS
[17:51:15] INFO:   [CITACION] T15: CITACIÓN A DETERMINADOS ASPIRANTES
[17:51:15] INFO:   [CITACION] T15: CITACIÓN A DETERMINADOS ASPIRANTES
[17:51:15] INFO:   [CALIFICACION] T15: Puntuaciones definitivas obtenidas prueba unica
[17:51:15] INFO:   [CALIFICACION] T15: Puntuaciones definitivas obtenidas superado prueba unica
[17:51:15] INFO:   [CITACION] T15: CITACION ENTREGA RESOLUCIÓN MOTIVADA PRIMERA PRUEBA
[17:51:15] INFO:   [CITACION] T15: CITACIÓN ENTREGA DE PROGRAMACIONES Y FICHA DE  MÉRITOS
[17:51:15] INFO:   [CALIFICACION] T15: PLAZO DE PRESENTACIÓN DE RECLAMACIONES PRIMERA PRUEBA
[17:51:15] INFO:   [CALIFICACION] T15: Puntuaciones provisionales obtenidas superado prueba unica
[17:51:15] INFO:   [CALIFICACION] T15: Puntuaciones provisionales obtenidas prueba unica
[17:51:15] INFO:   [CITACION] T15: CITACIÓN APERTURA DE CABECERAS
[17:51:15] INFO:   🌐 Dashboard generado → /home/runner/work/notas-carm-ef/notas-carm-ef/docs/index.html
[17:51:15] INFO: ✅ Completado.
[18:10:22] INFO: 🤖 GitHub Actions.
[18:10:22] INFO: Publicaciones conocidas: 154
[18:10:22] INFO: Email: configurado
[18:10:22] INFO: 
── Barrido #1 (18:10:22) ──
[18:10:22] INFO: 🚀 Barrido EF CARM...
[18:10:23] INFO:   Especialidades: ['EDUCACION FISICA']
[18:10:23] INFO:   EDUCACION FISICA: 15 tribunal(es)
[18:10:28] INFO:   Total encontradas: 154
[18:10:28] INFO:   📄 Extrayendo T01: CITACION ENTREGA RESOLUCIÓN MOTIVADA PRIMERA PRUEB
[18:10:28] INFO:      → Sin nombres extraídos
[18:10:28] INFO:   📄 Extrayendo T01: CITACIÓN APERTURA DE CABECERAS
[18:10:28] INFO:      → Sin nombres extraídos
[18:10:28] INFO:   📄 Extrayendo T02: CITACION ENTREGA RESOLUCIÓN MOTIVADA PRIMERA PRUEB
[18:10:29] INFO:      → Sin nombres extraídos
[18:10:29] INFO:   📄 Extrayendo T02: CITACIÓN APERTURA DE CABECERAS
[18:10:29] INFO:      → Sin nombres extraídos
[18:10:29] INFO:   📄 Extrayendo T03: CITACION ENTREGA RESOLUCIÓN MOTIVADA PRIMERA PRUEB
[18:10:29] INFO:      → Sin nombres extraídos
[18:10:29] INFO:   📄 Extrayendo T03: CITACIÓN APERTURA DE CABECERAS
[18:10:30] INFO:      → Sin nombres extraídos
[18:10:30] INFO:   📄 Extrayendo T04: CITACION ENTREGA RESOLUCIÓN MOTIVADA PRIMERA PRUEB
[18:10:30] INFO:      → Sin nombres extraídos
[18:10:30] INFO:   📄 Extrayendo T04: CITACIÓN APERTURA DE CABECERAS
[18:10:30] INFO:      → Sin nombres extraídos
[18:10:30] INFO:   📄 Extrayendo T05: CITACION ENTREGA RESOLUCIÓN MOTIVADA PRIMERA PRUEB
[18:10:31] INFO:      → Sin nombres extraídos
[18:10:31] INFO:   📄 Extrayendo T05: CITACIÓN APERTURA DE CABECERAS
[18:10:31] INFO:      → Sin nombres extraídos
[18:10:31] INFO:   📄 Extrayendo T06: CITACION ENTREGA RESOLUCIÓN MOTIVADA PRIMERA PRUEB
[18:10:31] INFO:      → Sin nombres extraídos
[18:10:31] INFO:   📄 Extrayendo T06: CITACION ENTREGA RESOLUCIÓN MOTIVADA PRIMERA PRUEB
[18:10:31] INFO:      → Sin nombres extraídos
[18:10:31] INFO:   📄 Extrayendo T06: CITACIÓN APERTURA DE CABECERAS
[18:10:32] INFO:      → Sin nombres extraídos
[18:10:32] INFO:   📄 Extrayendo T07: CITACION ENTREGA RESOLUCIÓN MOTIVADA PRIMERA PRUEB
[18:10:32] INFO:      → Sin nombres extraídos
[18:10:32] INFO:   📄 Extrayendo T07: CITACION ENTREGA RESOLUCIÓN MOTIVADA PRIMERA PRUEB
[18:10:32] INFO:      → Sin nombres extraídos
[18:10:32] INFO:   📄 Extrayendo T07: CITACIÓN APERTURA DE CABECERAS
[18:10:33] INFO:      → Sin nombres extraídos
[18:10:33] INFO:   📄 Extrayendo T08: CITACION ENTREGA RESOLUCIÓN MOTIVADA PRIMERA PRUEB
[18:10:33] INFO:      → Sin nombres extraídos
[18:10:33] INFO:   📄 Extrayendo T08: CITACIÓN APERTURA DE CABECERAS
[18:10:33] INFO:      → Sin nombres extraídos
[18:10:33] INFO:   📄 Extrayendo T09: CITACION ENTREGA RESOLUCIÓN MOTIVADA PRIMERA PRUEB
[18:10:34] INFO:      → Sin nombres extraídos
[18:10:34] INFO:   📄 Extrayendo T09: CITACIÓN APERTURA DE CABECERAS
[18:10:34] INFO:      → Sin nombres extraídos
[18:10:34] INFO:   📄 Extrayendo T10: CITACION ENTREGA RESOLUCIÓN MOTIVADA PRIMERA PRUEB
[18:10:34] INFO:      → Sin nombres extraídos
[18:10:34] INFO:   📄 Extrayendo T10: CITACIÓN APERTURA DE CABECERAS
[18:10:34] INFO:      → Sin nombres extraídos
[18:10:34] INFO:   📄 Extrayendo T11: CITACION ENTREGA RESOLUCIÓN MOTIVADA PRIMERA PRUEB
[18:10:35] INFO:      → Sin nombres extraídos
[18:10:35] INFO:   📄 Extrayendo T11: CITACIÓN APERTURA DE CABECERAS
[18:10:35] INFO:      → Sin nombres extraídos
[18:10:35] INFO:   📄 Extrayendo T12: CITACIÓN APERTURA DE CABECERAS
[18:10:35] INFO:      → Sin nombres extraídos
[18:10:35] INFO:   📄 Extrayendo T13: CITACION ENTREGA RESOLUCIÓN MOTIVADA PRIMERA PRUEB
[18:10:36] INFO:      → Sin nombres extraídos
[18:10:36] INFO:   📄 Extrayendo T13: CITACIÓN APERTURA DE CABECERAS
[18:10:36] INFO:      → Sin nombres extraídos
[18:10:36] INFO:   📄 Extrayendo T14: CITACION ENTREGA RESOLUCIÓN MOTIVADA PRIMERA PRUEB
[18:10:36] INFO:      → Sin nombres extraídos
[18:10:36] INFO:   📄 Extrayendo T14: CITACIÓN APERTURA DE CABECERAS
[18:10:37] INFO:      → Sin nombres extraídos
[18:10:37] INFO:   📄 Extrayendo T15: CITACION ENTREGA RESOLUCIÓN MOTIVADA PRIMERA PRUEB
[18:10:37] INFO:      → Sin nombres extraídos
[18:10:37] INFO:   📄 Extrayendo T15: CITACIÓN APERTURA DE CABECERAS
[18:10:37] INFO:      → Sin nombres extraídos
[18:10:37] INFO:   ✅ Sin novedades
[18:10:37] INFO:   🌐 Dashboard → /home/runner/work/notas-carm-ef/notas-carm-ef/docs/index.html
[18:10:37] INFO: ✅ Completado.
[18:25:00] INFO: 🤖 GitHub Actions.
[18:25:00] INFO: Publicaciones conocidas: 154
[18:25:00] INFO: Email: configurado
[18:25:00] INFO: 
── Barrido #1 (18:25:00) ──
[18:25:00] INFO: 🚀 Barrido EF CARM...
[18:25:01] INFO:   Especialidades: ['EDUCACION FISICA']
[18:25:02] INFO:   EDUCACION FISICA: 15 tribunal(es)
[18:25:07] INFO:   Total encontradas: 154
[18:25:07] INFO:   📄 Extrayendo T01: CITACION ENTREGA RESOLUCIÓN MOTIVADA PRIMERA PRUEB
[18:25:07] INFO:      → Sin nombres extraídos
[18:25:07] INFO:   📄 Extrayendo T01: CITACIÓN APERTURA DE CABECERAS
[18:25:07] INFO:      → Sin nombres extraídos
[18:25:07] INFO:   📄 Extrayendo T02: CITACION ENTREGA RESOLUCIÓN MOTIVADA PRIMERA PRUEB
[18:25:08] INFO:      → Sin nombres extraídos
[18:25:08] INFO:   📄 Extrayendo T02: CITACIÓN APERTURA DE CABECERAS
[18:25:08] INFO:      → Sin nombres extraídos
[18:25:08] INFO:   📄 Extrayendo T03: CITACION ENTREGA RESOLUCIÓN MOTIVADA PRIMERA PRUEB
[18:25:09] INFO:      → Sin nombres extraídos
[18:25:09] INFO:   📄 Extrayendo T03: CITACIÓN APERTURA DE CABECERAS
[18:25:09] INFO:      → Sin nombres extraídos
[18:25:09] INFO:   📄 Extrayendo T04: CITACION ENTREGA RESOLUCIÓN MOTIVADA PRIMERA PRUEB
[18:25:09] INFO:      → Sin nombres extraídos
[18:25:09] INFO:   📄 Extrayendo T04: CITACIÓN APERTURA DE CABECERAS
[18:25:09] INFO:      → Sin nombres extraídos
[18:25:09] INFO:   📄 Extrayendo T05: CITACION ENTREGA RESOLUCIÓN MOTIVADA PRIMERA PRUEB
[18:25:10] INFO:      → Sin nombres extraídos
[18:25:10] INFO:   📄 Extrayendo T05: CITACIÓN APERTURA DE CABECERAS
[18:25:10] INFO:      → Sin nombres extraídos
[18:25:10] INFO:   📄 Extrayendo T06: CITACION ENTREGA RESOLUCIÓN MOTIVADA PRIMERA PRUEB
[18:25:10] INFO:      → Sin nombres extraídos
[18:25:10] INFO:   📄 Extrayendo T06: CITACION ENTREGA RESOLUCIÓN MOTIVADA PRIMERA PRUEB
[18:25:10] INFO:      → Sin nombres extraídos
[18:25:10] INFO:   📄 Extrayendo T06: CITACIÓN APERTURA DE CABECERAS
[18:25:11] INFO:      → Sin nombres extraídos
[18:25:11] INFO:   📄 Extrayendo T07: CITACION ENTREGA RESOLUCIÓN MOTIVADA PRIMERA PRUEB
[18:25:11] INFO:      → Sin nombres extraídos
[18:25:11] INFO:   📄 Extrayendo T07: CITACION ENTREGA RESOLUCIÓN MOTIVADA PRIMERA PRUEB
[18:25:11] INFO:      → Sin nombres extraídos
[18:25:11] INFO:   📄 Extrayendo T07: CITACIÓN APERTURA DE CABECERAS
[18:25:12] INFO:      → Sin nombres extraídos
[18:25:12] INFO:   📄 Extrayendo T08: CITACION ENTREGA RESOLUCIÓN MOTIVADA PRIMERA PRUEB
[18:25:12] INFO:      → Sin nombres extraídos
[18:25:12] INFO:   📄 Extrayendo T08: CITACIÓN APERTURA DE CABECERAS
[18:25:12] INFO:      → Sin nombres extraídos
[18:25:12] INFO:   📄 Extrayendo T09: CITACION ENTREGA RESOLUCIÓN MOTIVADA PRIMERA PRUEB
[18:25:13] INFO:      → Sin nombres extraídos
[18:25:13] INFO:   📄 Extrayendo T09: CITACIÓN APERTURA DE CABECERAS
[18:25:13] INFO:      → Sin nombres extraídos
[18:25:13] INFO:   📄 Extrayendo T10: CITACION ENTREGA RESOLUCIÓN MOTIVADA PRIMERA PRUEB
[18:25:13] INFO:      → Sin nombres extraídos
[18:25:13] INFO:   📄 Extrayendo T10: CITACIÓN APERTURA DE CABECERAS
[18:25:13] INFO:      → Sin nombres extraídos
[18:25:13] INFO:   📄 Extrayendo T11: CITACION ENTREGA RESOLUCIÓN MOTIVADA PRIMERA PRUEB
[18:25:14] INFO:      → Sin nombres extraídos
[18:25:14] INFO:   📄 Extrayendo T11: CITACIÓN APERTURA DE CABECERAS
[18:25:14] INFO:      → Sin nombres extraídos
[18:25:14] INFO:   📄 Extrayendo T12: CITACIÓN APERTURA DE CABECERAS
[18:25:15] INFO:      → Sin nombres extraídos
[18:25:15] INFO:   📄 Extrayendo T13: CITACION ENTREGA RESOLUCIÓN MOTIVADA PRIMERA PRUEB
[18:25:15] INFO:      → Sin nombres extraídos
[18:25:15] INFO:   📄 Extrayendo T13: CITACIÓN APERTURA DE CABECERAS
[18:25:15] INFO:      → Sin nombres extraídos
[18:25:15] INFO:   📄 Extrayendo T14: CITACION ENTREGA RESOLUCIÓN MOTIVADA PRIMERA PRUEB
[18:25:15] INFO:      → Sin nombres extraídos
[18:25:15] INFO:   📄 Extrayendo T14: CITACIÓN APERTURA DE CABECERAS
[18:25:16] INFO:      → Sin nombres extraídos
[18:25:16] INFO:   📄 Extrayendo T15: CITACION ENTREGA RESOLUCIÓN MOTIVADA PRIMERA PRUEB
[18:25:16] INFO:      → Sin nombres extraídos
[18:25:16] INFO:   📄 Extrayendo T15: CITACIÓN APERTURA DE CABECERAS
[18:25:16] INFO:      → Sin nombres extraídos
[18:25:16] INFO:   ✅ Sin novedades
[18:25:16] INFO:   🌐 Dashboard → /home/runner/work/notas-carm-ef/notas-carm-ef/docs/index.html
[18:25:16] INFO: ✅ Completado.
[18:39:44] INFO: 🤖 GitHub Actions.
[18:39:44] INFO: Publicaciones conocidas: 0
[18:39:44] INFO: Email: configurado
[18:39:44] INFO: 
── Barrido #1 (18:39:44) ──
[18:39:44] INFO: 🚀 Barrido EF CARM...
[18:39:45] INFO:   Especialidades: ['EDUCACION FISICA']
[18:39:46] INFO:   EDUCACION FISICA: 15 tribunal(es)
[18:39:50] INFO:   Total encontradas: 154
[18:39:50] INFO:   📄 Extrayendo T01: CITACIÓN A DETERMINADOS ASPIRANTES
[18:39:51] INFO:      → Sin nombres extraídos
[18:39:51] INFO:   📄 Extrayendo T01: CITACIÓN A DETERMINADOS ASPIRANTES
[18:39:51] INFO:      → Sin nombres extraídos
[18:39:51] INFO:   📄 Extrayendo T02: CITACIÓN A DETERMINADOS ASPIRANTES
[18:39:51] INFO:      → 5 personas · fecha None
[18:39:51] INFO:   📄 Extrayendo T02: CITACIÓN A DETERMINADOS ASPIRANTES
[18:39:52] INFO:      → 4 personas · fecha None
[18:39:52] INFO:   📄 Extrayendo T03: CITACIÓN A DETERMINADOS ASPIRANTES
[18:39:52] INFO:      → Sin nombres extraídos
[18:39:52] INFO:   📄 Extrayendo T03: CITACIÓN A DETERMINADOS ASPIRANTES
[18:39:52] INFO:      → Sin nombres extraídos
[18:39:52] INFO:   📄 Extrayendo T04: CITACIÓN A DETERMINADOS ASPIRANTES
[18:39:53] INFO:      → 3 personas · fecha None
[18:39:53] INFO:   📄 Extrayendo T04: CITACIÓN A DETERMINADOS ASPIRANTES
[18:39:53] INFO:      → 4 personas · fecha None
[18:39:53] INFO:   📄 Extrayendo T05: CITACIÓN A DETERMINADOS ASPIRANTES
[18:39:53] INFO:      → 5 personas · fecha None
[18:39:53] INFO:   📄 Extrayendo T05: CITACIÓN A DETERMINADOS ASPIRANTES
[18:39:54] INFO:      → 3 personas · fecha None
[18:39:54] INFO:   📄 Extrayendo T06: CITACIÓN A DETERMINADOS ASPIRANTES
[18:39:54] INFO:      → 5 personas · fecha None
[18:39:54] INFO:   📄 Extrayendo T06: CITACIÓN A DETERMINADOS ASPIRANTES
[18:39:54] INFO:      → 4 personas · fecha None
[18:39:54] INFO:   📄 Extrayendo T07: CITACIÓN A DETERMINADOS ASPIRANTES
[18:39:54] INFO:      → Sin nombres extraídos
[18:39:54] INFO:   📄 Extrayendo T07: CITACIÓN A DETERMINADOS ASPIRANTES
[18:39:54] INFO:      → 4 personas · fecha None
[18:39:54] INFO:   📄 Extrayendo T08: CITACIÓN A DETERMINADOS ASPIRANTES
[18:39:55] INFO:      → 5 personas · fecha None
[18:39:55] INFO:   📄 Extrayendo T08: CITACIÓN A DETERMINADOS ASPIRANTES
[18:39:55] INFO:      → 5 personas · fecha None
[18:39:55] INFO:   📄 Extrayendo T09: CITACIÓN A DETERMINADOS ASPIRANTES
[18:39:55] INFO:      → 4 personas · fecha None
[18:39:55] INFO:   📄 Extrayendo T09: CITACIÓN A DETERMINADOS ASPIRANTES
[18:39:56] INFO:      → 4 personas · fecha None
[18:39:56] INFO:   📄 Extrayendo T10: CITACIÓN A DETERMINADOS ASPIRANTES
[18:39:56] INFO:      → Sin nombres extraídos
[18:39:56] INFO:   📄 Extrayendo T10: CITACIÓN A DETERMINADOS ASPIRANTES
[18:39:56] INFO:      → Sin nombres extraídos
[18:39:56] INFO:   📄 Extrayendo T11: CITACIÓN A DETERMINADOS ASPIRANTES
[18:39:57] INFO:      → 5 personas · fecha None
[18:39:57] INFO:   📄 Extrayendo T11: CITACIÓN A DETERMINADOS ASPIRANTES
[18:39:57] INFO:      → 5 personas · fecha None
[18:39:57] INFO:   📄 Extrayendo T12: CITACIÓN A DETERMINADOS ASPIRANTES
[18:39:58] INFO:      → 5 personas · fecha None
[18:39:58] INFO:   📄 Extrayendo T12: CITACIÓN A DETERMINADOS ASPIRANTES
[18:39:58] INFO:      → 4 personas · fecha None
[18:39:58] INFO:   📄 Extrayendo T13: CITACIÓN A DETERMINADOS ASPIRANTES
[18:39:58] INFO:      → 4 personas · fecha None
[18:39:58] INFO:   📄 Extrayendo T13: CITACIÓN A DETERMINADOS ASPIRANTES
[18:39:58] INFO:      → 3 personas · fecha None
[18:39:58] INFO:   📄 Extrayendo T14: CITACIÓN A DETERMINADOS ASPIRANTES
[18:39:59] INFO:      → Sin nombres extraídos
[18:39:59] INFO:   📄 Extrayendo T14: CITACIÓN A DETERMINADOS ASPIRANTES
[18:39:59] INFO:      → Sin nombres extraídos
[18:39:59] INFO:   📄 Extrayendo T15: CITACIÓN A DETERMINADOS ASPIRANTES
[18:40:00] INFO:      → 5 personas · fecha None
[18:40:00] INFO:   📄 Extrayendo T15: CITACIÓN A DETERMINADOS ASPIRANTES
[18:40:00] INFO:      → 4 personas · fecha None
[18:40:00] INFO: 
🆕 154 novedad(es):
[18:40:00] INFO:   [CITACION] T01: CITACIÓN A DETERMINADOS ASPIRANTES
[18:40:00] INFO:   [CITACION] T01: CITACIÓN A DETERMINADOS ASPIRANTES
[18:40:00] INFO:   [CALIFICACION] T01: Puntuaciones definitivas obtenidas superado prueba unica
[18:40:00] INFO:   [CALIFICACION] T01: Puntuaciones definitivas obtenidas prueba unica
[18:40:00] INFO:   [CITACION] T01: CITACIÓN ENTREGA DE PROGRAMACIONES Y FICHA DE  MÉRITOS
[18:40:00] INFO:   [CITACION] T01: CITACION ENTREGA RESOLUCIÓN MOTIVADA PRIMERA PRUEBA
[18:40:00] INFO:   [CALIFICACION] T01: PLAZO DE PRESENTACIÓN DE RECLAMACIONES PRIMERA PRUEBA
[18:40:00] INFO:   [CALIFICACION] T01: Puntuaciones provisionales obtenidas superado prueba unica
[18:40:00] INFO:   [CALIFICACION] T01: Puntuaciones provisionales obtenidas prueba unica
[18:40:00] INFO:   [CITACION] T01: CITACIÓN APERTURA DE CABECERAS
[18:40:00] INFO:   [CITACION] T02: CITACIÓN A DETERMINADOS ASPIRANTES
[18:40:00] INFO:   [CITACION] T02: CITACIÓN A DETERMINADOS ASPIRANTES
[18:40:00] INFO:   [CALIFICACION] T02: Puntuaciones definitivas obtenidas superado prueba unica
[18:40:00] INFO:   [CALIFICACION] T02: Puntuaciones definitivas obtenidas prueba unica
[18:40:00] INFO:   [CITACION] T02: CITACION ENTREGA RESOLUCIÓN MOTIVADA PRIMERA PRUEBA
[18:40:00] INFO:   [CALIFICACION] T02: Puntuaciones definitivas obtenidas superado prueba unica
[18:40:00] INFO:   [CITACION] T02: CITACIÓN ENTREGA DE PROGRAMACIONES Y FICHA DE  MÉRITOS
[18:40:00] INFO:   [CALIFICACION] T02: PLAZO DE PRESENTACIÓN DE RECLAMACIONES PRIMERA PRUEBA
[18:40:00] INFO:   [CALIFICACION] T02: Puntuaciones provisionales obtenidas superado prueba unica
[18:40:00] INFO:   [CALIFICACION] T02: Puntuaciones provisionales obtenidas prueba unica
[18:40:00] INFO:   [CITACION] T02: CITACIÓN APERTURA DE CABECERAS
[18:40:00] INFO:   [CITACION] T03: CITACIÓN A DETERMINADOS ASPIRANTES
[18:40:00] INFO:   [CITACION] T03: CITACIÓN A DETERMINADOS ASPIRANTES
[18:40:00] INFO:   [CALIFICACION] T03: Puntuaciones definitivas obtenidas prueba unica
[18:40:00] INFO:   [CALIFICACION] T03: Puntuaciones definitivas obtenidas superado prueba unica
[18:40:00] INFO:   [CITACION] T03: CITACION ENTREGA RESOLUCIÓN MOTIVADA PRIMERA PRUEBA
[18:40:00] INFO:   [CITACION] T03: CITACIÓN ENTREGA DE PROGRAMACIONES Y FICHA DE  MÉRITOS
[18:40:00] INFO:   [CALIFICACION] T03: PLAZO DE PRESENTACIÓN DE RECLAMACIONES PRIMERA PRUEBA
[18:40:00] INFO:   [CALIFICACION] T03: Puntuaciones provisionales obtenidas superado prueba unica
[18:40:00] INFO:   [CALIFICACION] T03: Puntuaciones provisionales obtenidas prueba unica
[18:40:00] INFO:   [CITACION] T03: CITACIÓN APERTURA DE CABECERAS
[18:40:00] INFO:   [CITACION] T04: CITACIÓN A DETERMINADOS ASPIRANTES
[18:40:00] INFO:   [CITACION] T04: CITACIÓN A DETERMINADOS ASPIRANTES
[18:40:00] INFO:   [CALIFICACION] T04: Puntuaciones definitivas obtenidas superado prueba unica
[18:40:00] INFO:   [CALIFICACION] T04: Puntuaciones definitivas obtenidas prueba unica
[18:40:00] INFO:   [CALIFICACION] T04: Puntuaciones provisionales obtenidas superado prueba unica
[18:40:00] INFO:   [CALIFICACION] T04: Puntuaciones provisionales obtenidas prueba unica
[18:40:00] INFO:   [CITACION] T04: CITACION ENTREGA RESOLUCIÓN MOTIVADA PRIMERA PRUEBA
[18:40:00] INFO:   [CITACION] T04: CITACIÓN ENTREGA DE PROGRAMACIONES Y FICHA DE  MÉRITOS
[18:40:00] INFO:   [CALIFICACION] T04: PLAZO DE PRESENTACIÓN DE RECLAMACIONES PRIMERA PRUEBA
[18:40:00] INFO:   [CITACION] T04: CITACIÓN APERTURA DE CABECERAS
[18:40:00] INFO:   [CITACION] T05: CITACIÓN A DETERMINADOS ASPIRANTES
[18:40:00] INFO:   [CALIFICACION] T05: Puntuaciones definitivas obtenidas superado prueba unica
[18:40:00] INFO:   [CITACION] T05: CITACIÓN A DETERMINADOS ASPIRANTES
[18:40:00] INFO:   [CALIFICACION] T05: PLAZO DE PRESENTACIÓN DE RECLAMACIONES PRIMERA PRUEBA
[18:40:00] INFO:   [CALIFICACION] T05: Puntuaciones definitivas obtenidas prueba unica
[18:40:00] INFO:   [CITACION] T05: CITACION ENTREGA RESOLUCIÓN MOTIVADA PRIMERA PRUEBA
[18:40:00] INFO:   [CITACION] T05: CITACIÓN ENTREGA DE PROGRAMACIONES Y FICHA DE  MÉRITOS
[18:40:00] INFO:   [CALIFICACION] T05: PLAZO DE PRESENTACIÓN DE RECLAMACIONES PRIMERA PRUEBA
[18:40:00] INFO:   [CALIFICACION] T05: Puntuaciones provisionales obtenidas superado prueba unica
[18:40:00] INFO:   [CALIFICACION] T05: Puntuaciones provisionales obtenidas prueba unica
[18:40:00] INFO:   [CITACION] T05: CITACIÓN APERTURA DE CABECERAS
[18:40:00] INFO:   [CITACION] T06: CITACIÓN A DETERMINADOS ASPIRANTES
[18:40:00] INFO:   [CITACION] T06: CITACIÓN A DETERMINADOS ASPIRANTES
[18:40:00] INFO:   [CALIFICACION] T06: Puntuaciones definitivas obtenidas prueba unica
[18:40:00] INFO:   [CALIFICACION] T06: Puntuaciones definitivas obtenidas superado prueba unica
[18:40:00] INFO:   [CITACION] T06: CITACION ENTREGA RESOLUCIÓN MOTIVADA PRIMERA PRUEBA
[18:40:00] INFO:   [CITACION] T06: CITACION ENTREGA RESOLUCIÓN MOTIVADA PRIMERA PRUEBA
[18:40:00] INFO:   [CITACION] T06: CITACIÓN ENTREGA DE PROGRAMACIONES Y FICHA DE  MÉRITOS
[18:40:00] INFO:   [CALIFICACION] T06: PLAZO DE PRESENTACIÓN DE RECLAMACIONES PRIMERA PRUEBA
[18:40:00] INFO:   [CALIFICACION] T06: Puntuaciones provisionales obtenidas superado prueba unica
[18:40:00] INFO:   [CALIFICACION] T06: Puntuaciones provisionales obtenidas prueba unica
[18:40:00] INFO:   [CITACION] T06: CITACIÓN APERTURA DE CABECERAS
[18:40:00] INFO:   [CITACION] T07: CITACIÓN A DETERMINADOS ASPIRANTES
[18:40:00] INFO:   [CALIFICACION] T07: Puntuaciones definitivas obtenidas prueba unica
[18:40:00] INFO:   [CITACION] T07: CITACIÓN A DETERMINADOS ASPIRANTES
[18:40:00] INFO:   [CALIFICACION] T07: Puntuaciones definitivas obtenidas superado prueba unica
[18:40:00] INFO:   [CITACION] T07: CITACION ENTREGA RESOLUCIÓN MOTIVADA PRIMERA PRUEBA
[18:40:00] INFO:   [CITACION] T07: CITACION ENTREGA RESOLUCIÓN MOTIVADA PRIMERA PRUEBA
[18:40:00] INFO:   [CITACION] T07: CITACIÓN ENTREGA DE PROGRAMACIONES Y FICHA DE  MÉRITOS
[18:40:00] INFO:   [CALIFICACION] T07: Puntuaciones provisionales obtenidas superado prueba unica
[18:40:00] INFO:   [CALIFICACION] T07: Puntuaciones provisionales obtenidas prueba unica
[18:40:00] INFO:   [CALIFICACION] T07: PLAZO DE PRESENTACIÓN DE RECLAMACIONES PRIMERA PRUEBA
[18:40:00] INFO:   [CITACION] T07: CITACIÓN APERTURA DE CABECERAS
[18:40:00] INFO:   [CITACION] T08: CITACIÓN A DETERMINADOS ASPIRANTES
[18:40:00] INFO:   [CITACION] T08: CITACIÓN A DETERMINADOS ASPIRANTES
[18:40:00] INFO:   [CALIFICACION] T08: Puntuaciones definitivas obtenidas superado prueba unica
[18:40:00] INFO:   [CALIFICACION] T08: Puntuaciones definitivas obtenidas prueba unica
[18:40:00] INFO:   [CITACION] T08: CITACION ENTREGA RESOLUCIÓN MOTIVADA PRIMERA PRUEBA
[18:40:00] INFO:   [CITACION] T08: CITACIÓN ENTREGA DE PROGRAMACIONES Y FICHA DE  MÉRITOS
[18:40:00] INFO:   [CALIFICACION] T08: PLAZO DE PRESENTACIÓN DE RECLAMACIONES PRIMERA PRUEBA
[18:40:00] INFO:   [CALIFICACION] T08: Puntuaciones provisionales obtenidas superado prueba unica
[18:40:00] INFO:   [CALIFICACION] T08: Puntuaciones provisionales obtenidas prueba unica
[18:40:00] INFO:   [CITACION] T08: CITACIÓN APERTURA DE CABECERAS
[18:40:00] INFO:   [CITACION] T09: CITACIÓN A DETERMINADOS ASPIRANTES
[18:40:00] INFO:   [CITACION] T09: CITACIÓN A DETERMINADOS ASPIRANTES
[18:40:00] INFO:   [CITACION] T09: CITACION ENTREGA RESOLUCIÓN MOTIVADA PRIMERA PRUEBA
[18:40:00] INFO:   [CALIFICACION] T09: Puntuaciones definitivas obtenidas superado prueba unica
[18:40:00] INFO:   [CALIFICACION] T09: Puntuaciones definitivas obtenidas prueba unica
[18:40:00] INFO:   [CITACION] T09: CITACIÓN ENTREGA DE PROGRAMACIONES Y FICHA DE  MÉRITOS
[18:40:00] INFO:   [CALIFICACION] T09: PLAZO DE PRESENTACIÓN DE RECLAMACIONES PRIMERA PRUEBA
[18:40:00] INFO:   [CALIFICACION] T09: Puntuaciones provisionales obtenidas superado prueba unica
[18:40:00] INFO:   [CALIFICACION] T09: Puntuaciones provisionales obtenidas prueba unica
[18:40:00] INFO:   [CITACION] T09: CITACIÓN APERTURA DE CABECERAS
[18:40:00] INFO:   [CITACION] T10: CITACIÓN A DETERMINADOS ASPIRANTES
[18:40:00] INFO:   [CITACION] T10: CITACIÓN A DETERMINADOS ASPIRANTES
[18:40:00] INFO:   [CITACION] T10: CITACION ENTREGA RESOLUCIÓN MOTIVADA PRIMERA PRUEBA
[18:40:00] INFO:   [CALIFICACION] T10: Puntuaciones definitivas obtenidas prueba unica
[18:40:00] INFO:   [CALIFICACION] T10: Puntuaciones definitivas obtenidas superado prueba unica
[18:40:00] INFO:   [CALIFICACION] T10: Puntuaciones definitivas obtenidas prueba unica
[18:40:00] INFO:   [CITACION] T10: CITACIÓN ENTREGA DE PROGRAMACIONES Y FICHA DE  MÉRITOS
[18:40:00] INFO:   [CALIFICACION] T10: Puntuaciones provisionales obtenidas prueba unica
[18:40:00] INFO:   [CALIFICACION] T10: Puntuaciones provisionales obtenidas superado prueba unica
[18:40:00] INFO:   [CALIFICACION] T10: PLAZO DE PRESENTACIÓN DE RECLAMACIONES PRIMERA PRUEBA
[18:40:00] INFO:   [CITACION] T10: CITACIÓN APERTURA DE CABECERAS
[18:40:00] INFO:   [CITACION] T11: CITACIÓN A DETERMINADOS ASPIRANTES
[18:40:00] INFO:   [CITACION] T11: CITACIÓN A DETERMINADOS ASPIRANTES
[18:40:00] INFO:   [CITACION] T11: CITACION ENTREGA RESOLUCIÓN MOTIVADA PRIMERA PRUEBA
[18:40:00] INFO:   [CALIFICACION] T11: Puntuaciones definitivas obtenidas superado prueba unica
[18:40:00] INFO:   [CALIFICACION] T11: Puntuaciones definitivas obtenidas prueba unica
[18:40:00] INFO:   [CITACION] T11: CITACIÓN ENTREGA DE PROGRAMACIONES Y FICHA DE  MÉRITOS
[18:40:00] INFO:   [CALIFICACION] T11: PLAZO DE PRESENTACIÓN DE RECLAMACIONES PRIMERA PRUEBA
[18:40:00] INFO:   [CALIFICACION] T11: Puntuaciones provisionales obtenidas superado prueba unica
[18:40:00] INFO:   [CALIFICACION] T11: Puntuaciones provisionales obtenidas prueba unica
[18:40:00] INFO:   [CITACION] T11: CITACIÓN APERTURA DE CABECERAS
[18:40:00] INFO:   [CITACION] T12: CITACIÓN A DETERMINADOS ASPIRANTES
[18:40:00] INFO:   [CITACION] T12: CITACIÓN A DETERMINADOS ASPIRANTES
[18:40:00] INFO:   [CALIFICACION] T12: Puntuaciones definitivas obtenidas prueba unica
[18:40:00] INFO:   [CALIFICACION] T12: Puntuaciones definitivas obtenidas superado prueba unica
[18:40:00] INFO:   [CITACION] T12: CITACIÓN ENTREGA DE PROGRAMACIONES Y FICHA DE  MÉRITOS
[18:40:00] INFO:   [CALIFICACION] T12: PLAZO DE PRESENTACIÓN DE RECLAMACIONES PRIMERA PRUEBA
[18:40:00] INFO:   [CALIFICACION] T12: Puntuaciones provisionales obtenidas superado prueba unica
[18:40:00] INFO:   [CALIFICACION] T12: Puntuaciones provisionales obtenidas prueba unica
[18:40:00] INFO:   [CITACION] T12: CITACIÓN APERTURA DE CABECERAS
[18:40:00] INFO:   [CITACION] T13: CITACIÓN A DETERMINADOS ASPIRANTES
[18:40:00] INFO:   [CITACION] T13: CITACIÓN A DETERMINADOS ASPIRANTES
[18:40:00] INFO:   [CALIFICACION] T13: Puntuaciones definitivas obtenidas prueba unica
[18:40:00] INFO:   [CALIFICACION] T13: Puntuaciones definitivas obtenidas superado prueba unica
[18:40:00] INFO:   [CITACION] T13: CITACION ENTREGA RESOLUCIÓN MOTIVADA PRIMERA PRUEBA
[18:40:00] INFO:   [CITACION] T13: CITACIÓN ENTREGA DE PROGRAMACIONES Y FICHA DE  MÉRITOS
[18:40:00] INFO:   [CALIFICACION] T13: PLAZO DE PRESENTACIÓN DE RECLAMACIONES PRIMERA PRUEBA
[18:40:00] INFO:   [CALIFICACION] T13: Puntuaciones provisionales obtenidas superado prueba unica
[18:40:00] INFO:   [CALIFICACION] T13: Puntuaciones provisionales obtenidas prueba unica
[18:40:00] INFO:   [CITACION] T13: CITACIÓN APERTURA DE CABECERAS
[18:40:00] INFO:   [CITACION] T14: CITACIÓN A DETERMINADOS ASPIRANTES
[18:40:00] INFO:   [CITACION] T14: CITACIÓN A DETERMINADOS ASPIRANTES
[18:40:00] INFO:   [CALIFICACION] T14: Puntuaciones definitivas obtenidas superado prueba unica
[18:40:00] INFO:   [CALIFICACION] T14: Puntuaciones definitivas obtenidas prueba unica
[18:40:00] INFO:   [CITACION] T14: CITACION ENTREGA RESOLUCIÓN MOTIVADA PRIMERA PRUEBA
[18:40:00] INFO:   [CITACION] T14: CITACIÓN ENTREGA DE PROGRAMACIONES Y FICHA DE  MÉRITOS
[18:40:00] INFO:   [CALIFICACION] T14: PLAZO DE PRESENTACIÓN DE RECLAMACIONES PRIMERA PRUEBA
[18:40:00] INFO:   [CALIFICACION] T14: Puntuaciones provisionales obtenidas superado prueba unica
[18:40:00] INFO:   [CALIFICACION] T14: Puntuaciones provisionales obtenidas prueba unica
[18:40:00] INFO:   [CITACION] T14: CITACIÓN APERTURA DE CABECERAS
[18:40:00] INFO:   [CITACION] T15: CITACIÓN A DETERMINADOS ASPIRANTES
[18:40:00] INFO:   [CITACION] T15: CITACIÓN A DETERMINADOS ASPIRANTES
[18:40:00] INFO:   [CALIFICACION] T15: Puntuaciones definitivas obtenidas prueba unica
[18:40:00] INFO:   [CALIFICACION] T15: Puntuaciones definitivas obtenidas superado prueba unica
[18:40:00] INFO:   [CITACION] T15: CITACION ENTREGA RESOLUCIÓN MOTIVADA PRIMERA PRUEBA
[18:40:00] INFO:   [CITACION] T15: CITACIÓN ENTREGA DE PROGRAMACIONES Y FICHA DE  MÉRITOS
[18:40:00] INFO:   [CALIFICACION] T15: PLAZO DE PRESENTACIÓN DE RECLAMACIONES PRIMERA PRUEBA
[18:40:00] INFO:   [CALIFICACION] T15: Puntuaciones provisionales obtenidas superado prueba unica
[18:40:00] INFO:   [CALIFICACION] T15: Puntuaciones provisionales obtenidas prueba unica
[18:40:00] INFO:   [CITACION] T15: CITACIÓN APERTURA DE CABECERAS
[18:40:01] INFO:   📧 Email enviado → educacionfisica@aprendeoposiciones.com
[18:40:01] INFO:   🌐 Dashboard → /home/runner/work/notas-carm-ef/notas-carm-ef/docs/index.html
[18:40:01] INFO: ✅ Completado.
[19:47:40] INFO: 🤖 GitHub Actions.
[19:47:40] INFO: Publicaciones conocidas: 154
[19:47:40] INFO: Email: configurado
[19:47:40] INFO: 
── Barrido #1 (19:47:40) ──
[19:47:40] INFO: 🚀 Barrido EF CARM...
[19:47:41] INFO:   Especialidades: ['EDUCACION FISICA']
[19:47:42] INFO:   EDUCACION FISICA: 15 tribunal(es)
[19:47:49] INFO:   Total encontradas: 154
[19:47:49] INFO:   📄 Extrayendo T01: CITACIÓN A DETERMINADOS ASPIRANTES
[19:47:50] INFO:      → Sin nombres extraídos
[19:47:50] INFO:   📄 Extrayendo T01: CITACIÓN A DETERMINADOS ASPIRANTES
[19:47:50] INFO:      → Sin nombres extraídos
[19:47:50] INFO:   📄 Extrayendo T03: CITACIÓN A DETERMINADOS ASPIRANTES
[19:47:51] INFO:      → Sin nombres extraídos
[19:47:51] INFO:   📄 Extrayendo T03: CITACIÓN A DETERMINADOS ASPIRANTES
[19:47:51] INFO:      → Sin nombres extraídos
[19:47:51] INFO:   📄 Extrayendo T07: CITACIÓN A DETERMINADOS ASPIRANTES
[19:47:51] INFO:      → Sin nombres extraídos
[19:47:51] INFO:   📄 Extrayendo T10: CITACIÓN A DETERMINADOS ASPIRANTES
[19:47:52] INFO:      → Sin nombres extraídos
[19:47:52] INFO:   📄 Extrayendo T10: CITACIÓN A DETERMINADOS ASPIRANTES
[19:47:52] INFO:      → Sin nombres extraídos
[19:47:52] INFO:   📄 Extrayendo T14: CITACIÓN A DETERMINADOS ASPIRANTES
[19:47:53] INFO:      → Sin nombres extraídos
[19:47:53] INFO:   📄 Extrayendo T14: CITACIÓN A DETERMINADOS ASPIRANTES
[19:47:53] INFO:      → Sin nombres extraídos
[19:47:53] INFO:   ✅ Sin novedades
[19:47:53] INFO:   🌐 Dashboard → /home/runner/work/notas-carm-ef/notas-carm-ef/docs/index.html
[19:47:53] INFO: ✅ Completado.
[21:18:39] INFO: 🤖 GitHub Actions.
[21:18:39] INFO: Publicaciones conocidas: 154
[21:18:39] INFO: Email: configurado
[21:18:39] INFO: 
── Barrido #1 (21:18:39) ──
[21:18:39] INFO: 🚀 Barrido EF CARM...
[21:18:41] INFO:   Especialidades: ['EDUCACION FISICA']
[21:18:41] INFO:   EDUCACION FISICA: 15 tribunal(es)
[21:18:47] INFO:   Total encontradas: 154
[21:18:47] INFO:   📄 Extrayendo T01: CITACIÓN A DETERMINADOS ASPIRANTES
[21:18:47] INFO:      → Sin nombres extraídos
[21:18:47] INFO:   📄 Extrayendo T01: CITACIÓN A DETERMINADOS ASPIRANTES
[21:18:47] INFO:      → Sin nombres extraídos
[21:18:47] INFO:   📄 Extrayendo T03: CITACIÓN A DETERMINADOS ASPIRANTES
[21:18:48] INFO:      → Sin nombres extraídos
[21:18:48] INFO:   📄 Extrayendo T03: CITACIÓN A DETERMINADOS ASPIRANTES
[21:18:49] INFO:      → Sin nombres extraídos
[21:18:49] INFO:   📄 Extrayendo T07: CITACIÓN A DETERMINADOS ASPIRANTES
[21:18:49] INFO:      → Sin nombres extraídos
[21:18:49] INFO:   📄 Extrayendo T10: CITACIÓN A DETERMINADOS ASPIRANTES
[21:18:49] INFO:      → Sin nombres extraídos
[21:18:49] INFO:   📄 Extrayendo T10: CITACIÓN A DETERMINADOS ASPIRANTES
[21:18:49] INFO:      → Sin nombres extraídos
[21:18:49] INFO:   📄 Extrayendo T14: CITACIÓN A DETERMINADOS ASPIRANTES
[21:18:50] INFO:      → Sin nombres extraídos
[21:18:50] INFO:   📄 Extrayendo T14: CITACIÓN A DETERMINADOS ASPIRANTES
[21:18:50] INFO:      → Sin nombres extraídos
[21:18:50] INFO:   ✅ Sin novedades
[21:18:50] INFO:   🌐 Dashboard → /home/runner/work/notas-carm-ef/notas-carm-ef/docs/index.html
[21:18:50] INFO: ✅ Completado.
[22:36:01] INFO: 🤖 GitHub Actions.
[22:36:01] INFO: Publicaciones conocidas: 154
[22:36:01] INFO: Email: configurado
[22:36:01] INFO: 
── Barrido #1 (22:36:01) ──
[22:36:01] INFO: 🚀 Barrido EF CARM...
[22:36:03] INFO:   Especialidades: ['EDUCACION FISICA']
[22:36:03] INFO:   EDUCACION FISICA: 15 tribunal(es)
[22:36:12] INFO:   Total encontradas: 154
[22:36:12] INFO:   📄 Extrayendo T01: CITACIÓN A DETERMINADOS ASPIRANTES
[22:36:12] INFO:      → Sin nombres extraídos
[22:36:12] INFO:   📄 Extrayendo T01: CITACIÓN A DETERMINADOS ASPIRANTES
[22:36:12] INFO:      → Sin nombres extraídos
[22:36:12] INFO:   📄 Extrayendo T03: CITACIÓN A DETERMINADOS ASPIRANTES
[22:36:13] INFO:      → Sin nombres extraídos
[22:36:13] INFO:   📄 Extrayendo T03: CITACIÓN A DETERMINADOS ASPIRANTES
[22:36:13] INFO:      → Sin nombres extraídos
[22:36:13] INFO:   📄 Extrayendo T07: CITACIÓN A DETERMINADOS ASPIRANTES
[22:36:14] INFO:      → Sin nombres extraídos
[22:36:14] INFO:   📄 Extrayendo T10: CITACIÓN A DETERMINADOS ASPIRANTES
[22:36:14] INFO:      → Sin nombres extraídos
[22:36:14] INFO:   📄 Extrayendo T10: CITACIÓN A DETERMINADOS ASPIRANTES
[22:36:14] INFO:      → Sin nombres extraídos
[22:36:14] INFO:   📄 Extrayendo T14: CITACIÓN A DETERMINADOS ASPIRANTES
[22:36:15] INFO:      → Sin nombres extraídos
[22:36:15] INFO:   📄 Extrayendo T14: CITACIÓN A DETERMINADOS ASPIRANTES
[22:36:15] INFO:      → Sin nombres extraídos
[22:36:15] INFO:   ✅ Sin novedades
[22:36:15] INFO:   🌐 Dashboard → /home/runner/work/notas-carm-ef/notas-carm-ef/docs/index.html
[22:36:15] INFO: ✅ Completado.
